<?xml version="1.0" encoding="UTF-8"?>
<testng-results skipped="0" failed="0" ignored="0" total="1" passed="1">
  <reporter-output>
  </reporter-output>
  <suite name="Default suite" duration-ms="32894" started-at="2021-11-09T13:34:58 IST" finished-at="2021-11-09T13:35:31 IST">
    <groups>
      <group name="cucumber">
        <method signature="AbstractTestNGCucumberTests.runScenario(io.cucumber.testng.PickleWrapper, io.cucumber.testng.FeatureWrapper)[pri:0, instance:com.mindtree.Runner.BookRunner@27a5f880]" name="runScenario" class="io.cucumber.testng.AbstractTestNGCucumberTests"/>
      </group> <!-- cucumber -->
    </groups>
    <test name="Default test" duration-ms="32894" started-at="2021-11-09T13:34:58 IST" finished-at="2021-11-09T13:35:31 IST">
      <class name="com.mindtree.Runner.BookRunner">
        <test-method status="PASS" signature="setUpClass(org.testng.ITestContext)[pri:0, instance:com.mindtree.Runner.BookRunner@27a5f880]" name="setUpClass" is-config="true" duration-ms="183" started-at="2021-11-09T13:34:58 IST" finished-at="2021-11-09T13:34:58 IST">
          <params>
            <param index="0">
              <value>
                <![CDATA[org.testng.TestRunner@1a2e2935]]>
              </value>
            </param>
          </params>
          <reporter-output>
          </reporter-output>
        </test-method> <!-- setUpClass -->
        <test-method status="PASS" signature="runScenario(io.cucumber.testng.PickleWrapper, io.cucumber.testng.FeatureWrapper)[pri:0, instance:com.mindtree.Runner.BookRunner@27a5f880]" name="runScenario" duration-ms="32682" started-at="2021-11-09T13:34:58 IST" description="Runs Cucumber Scenarios" data-provider="scenarios" finished-at="2021-11-09T13:35:31 IST">
          <params>
            <param index="0">
              <value>
                <![CDATA["Check The products Available"]]>
              </value>
            </param>
            <param index="1">
              <value>
                <![CDATA["Optional[Tide Site Automate]"]]>
              </value>
            </param>
          </params>
          <reporter-output>
          </reporter-output>
        </test-method> <!-- runScenario -->
        <test-method status="PASS" signature="tearDownClass()[pri:0, instance:com.mindtree.Runner.BookRunner@27a5f880]" name="tearDownClass" is-config="true" duration-ms="2" started-at="2021-11-09T13:35:31 IST" finished-at="2021-11-09T13:35:31 IST">
          <reporter-output>
          </reporter-output>
        </test-method> <!-- tearDownClass -->
      </class> <!-- com.mindtree.Runner.BookRunner -->
    </test> <!-- Default test -->
  </suite> <!-- Default suite -->
</testng-results>
